<?xml version="1.0" encoding="UTF-8"?>
<!-- Generated by org.testng.reporters.JUnitReportReporter -->
<testsuite skipped="0" hostname="DESKTOP-AOTV5IP" name="scripts.p2" tests="1" failures="0" timestamp="2023-02-13T13:23:14 IST" time="24.105" errors="0">
  <testcase name="addUserScript" time="24.105" classname="scripts.p2"/>
  <system-out/>
</testsuite> <!-- scripts.p2 -->
