<?xml version="1.0" encoding="UTF-8"?>
<!-- Generated by org.testng.reporters.JUnitReportReporter -->
<testsuite skipped="0" hostname="DESKTOP-AOTV5IP" name="scripts.P1" tests="1" failures="0" timestamp="2023-02-20T17:17:43 IST" time="63.271" errors="0">
  <testcase name="setup" time="63.271" classname="scripts.P1"/>
  <system-out/>
</testsuite> <!-- scripts.P1 -->
