<?xml version="1.0" encoding="UTF-8"?>
<!-- Generated by org.testng.reporters.JUnitReportReporter -->
<testsuite skipped="0" hostname="DESKTOP-AOTV5IP" name="testng_programs.P15" tests="1" failures="0" timestamp="2023-01-30T14:01:45 IST" time="30.756" errors="0">
  <testcase name="adduserScript" time="30.756" classname="testng_programs.P15"/>
  <system-out/>
</testsuite> <!-- testng_programs.P15 -->
