<?xml version="1.0" encoding="UTF-8"?>
<!-- Generated by org.testng.reporters.JUnitReportReporter -->
<testsuite skipped="0" hostname="DESKTOP-AOTV5IP" name="testng_programs.Test2" tests="1" failures="0" timestamp="2023-01-30T13:27:47 IST" time="4.162" errors="0">
  <testcase name="fbLoginScript" time="4.162" classname="testng_programs.Test2"/>
  <system-out/>
</testsuite> <!-- testng_programs.Test2 -->
