<?xml version="1.0" encoding="UTF-8"?>
<!-- Generated by org.testng.reporters.JUnitReportReporter -->
<testsuite skipped="0" hostname="DESKTOP-AOTV5IP" name="testng_programs.P11" tests="2" failures="0" timestamp="2023-01-30T13:46:56 IST" time="25.869" errors="0">
  <testcase name="fbLoginScript" time="16.331" classname="testng_programs.P11"/>
  <system-out/>
  <testcase name="fbLoginScript" time="9.538" classname="testng_programs.P11"/>
  <system-out/>
</testsuite> <!-- testng_programs.P11 -->
