<?xml version="1.0" encoding="UTF-8"?>
<!-- Generated by org.testng.reporters.JUnitReportReporter -->
<testsuite skipped="0" hostname="DESKTOP-AOTV5IP" name="testng_programs.Test1" tests="1" failures="0" timestamp="2023-01-30T13:27:47 IST" time="22.687" errors="0">
  <testcase name="actiLoginScript" time="22.687" classname="testng_programs.Test1"/>
  <system-out/>
</testsuite> <!-- testng_programs.Test1 -->
