<?xml version="1.0" encoding="UTF-8"?>
<!-- Generated by org.testng.reporters.JUnitReportReporter -->
<testsuite skipped="0" hostname="DESKTOP-AOTV5IP" name="testng_programs.P10" tests="1" failures="0" timestamp="2022-12-23T01:28:09 IST" time="19.187" errors="0">
  <testcase name="actiLoginScript" time="19.187" classname="testng_programs.P10"/>
  <system-out/>
</testsuite> <!-- testng_programs.P10 -->
