<?xml version="1.0" encoding="UTF-8"?>
<!-- Generated by org.testng.reporters.JUnitReportReporter -->
<testsuite skipped="0" hostname="DESKTOP-AOTV5IP" name="testng_programs.P12" tests="2" failures="0" timestamp="2023-01-30T13:46:56 IST" time="49.976" errors="0">
  <testcase name="actiLoginScript" time="28.781" classname="testng_programs.P12"/>
  <system-out/>
  <testcase name="actiLoginScript" time="21.195" classname="testng_programs.P12"/>
  <system-out/>
</testsuite> <!-- testng_programs.P12 -->
