<?xml version="1.0" encoding="UTF-8"?>
<!-- Generated by org.testng.reporters.JUnitReportReporter -->
<testsuite skipped="0" hostname="DESKTOP-AOTV5IP" name="testng_programs.P14" tests="3" failures="0" timestamp="2023-02-15T19:08:32 IST" time="81.929" errors="0">
  <testcase name="actiLoginScript" time="27.289" classname="testng_programs.P14"/>
  <system-out/>
  <testcase name="actiLoginScript" time="27.411" classname="testng_programs.P14"/>
  <system-out/>
  <testcase name="actiLoginScript" time="27.229" classname="testng_programs.P14"/>
  <system-out/>
</testsuite> <!-- testng_programs.P14 -->
