<?xml version="1.0" encoding="UTF-8"?>
<!-- Generated by org.testng.reporters.JUnitReportReporter -->
<testsuite skipped="0" hostname="DESKTOP-AOTV5IP" name="testng_programs.P3" tests="2" failures="0" timestamp="2023-01-30T13:31:26 IST" time="28.359" errors="0">
  <testcase name="fbLoginScript" time="6.833" classname="testng_programs.P3"/>
  <system-out/>
  <testcase name="actiLoginScript" time="21.526" classname="testng_programs.P3"/>
  <system-out/>
</testsuite> <!-- testng_programs.P3 -->
