<?xml version="1.0" encoding="UTF-8"?>
<!-- Generated by org.testng.reporters.JUnitReportReporter -->
<testsuite skipped="0" hostname="DESKTOP-AOTV5IP" name="testng_programs.P17" tests="1" failures="0" timestamp="2022-12-27T09:48:49 IST" time="18.590" errors="0">
  <testcase name="actiLogin" time="18.590" classname="testng_programs.P17"/>
  <system-out/>
</testsuite> <!-- testng_programs.P17 -->
