<?xml version="1.0" encoding="UTF-8"?>
<!-- Generated by org.testng.reporters.JUnitReportReporter -->
<testsuite skipped="0" hostname="DESKTOP-AOTV5IP" name="testng_programs.P8" tests="1" failures="0" timestamp="2022-12-27T01:25:28 IST" time="8.236" errors="0">
  <testcase name="actiLoginScript" time="8.236" classname="testng_programs.P8"/>
  <system-out/>
</testsuite> <!-- testng_programs.P8 -->
