<?xml version="1.0" encoding="UTF-8"?>
<!-- Generated by org.testng.reporters.JUnitReportReporter -->
<testsuite skipped="0" hostname="DESKTOP-AOTV5IP" name="testng_programs.P20" tests="8" failures="0" timestamp="2022-12-28T09:10:48 IST" time="0.032" errors="0">
  <testcase name="loginScript" time="0.016" classname="testng_programs.P20"/>
  <system-out/>
  <testcase name="logoutScript" time="0.016" classname="testng_programs.P20"/>
  <system-out/>
  <testcase name="userScript" time="0.000" classname="testng_programs.P20"/>
  <system-out/>
  <testcase name="userScript" time="0.000" classname="testng_programs.P20"/>
  <system-out/>
  <testcase name="userScript" time="0.000" classname="testng_programs.P20"/>
  <system-out/>
  <testcase name="userScript" time="0.000" classname="testng_programs.P20"/>
  <system-out/>
  <testcase name="userScript" time="0.000" classname="testng_programs.P20"/>
  <system-out/>
  <testcase name="createUserScript" time="0.000" classname="testng_programs.P20"/>
  <system-out/>
</testsuite> <!-- testng_programs.P20 -->
