<?xml version="1.0" encoding="UTF-8"?>
<!-- Generated by org.testng.reporters.JUnitReportReporter -->
<testsuite skipped="0" hostname="DESKTOP-AOTV5IP" name="testng_programs.P22" tests="3" failures="0" timestamp="2023-01-30T16:36:42 IST" time="0.020" errors="0">
  <testcase name="script2" time="0.010" classname="testng_programs.P22"/>
  <system-out/>
  <testcase name="script4" time="0.000" classname="testng_programs.P22"/>
  <system-out/>
  <testcase name="script3" time="0.010" classname="testng_programs.P22"/>
  <system-out/>
</testsuite> <!-- testng_programs.P22 -->
