<?xml version="1.0" encoding="UTF-8"?>
<!-- Generated by org.testng.reporters.JUnitReportReporter -->
<testsuite skipped="0" hostname="DESKTOP-AOTV5IP" name="testng_programs.P21" tests="4" failures="0" timestamp="2023-01-30T14:16:09 IST" time="0.020" errors="0">
  <testcase name="logoutScript" time="0.010" classname="testng_programs.P21"/>
  <system-out/>
  <testcase name="createUserScript" time="0.000" classname="testng_programs.P21"/>
  <system-out/>
  <testcase name="userScript" time="0.000" classname="testng_programs.P21"/>
  <system-out/>
  <testcase name="loginScript" time="0.010" classname="testng_programs.P21"/>
  <system-out/>
</testsuite> <!-- testng_programs.P21 -->
