<?xml version="1.0" encoding="UTF-8"?>
<!-- Generated by org.testng.reporters.JUnitReportReporter -->
<testsuite skipped="0" hostname="DESKTOP-AOTV5IP" name="testng_programs.P16" tests="1" failures="0" timestamp="2022-12-27T09:32:23 IST" time="16.563" errors="0">
  <testcase name="actiLogin" time="16.563" classname="testng_programs.P16"/>
  <system-out/>
</testsuite> <!-- testng_programs.P16 -->
