<?xml version="1.0" encoding="UTF-8"?>
<!-- Generated by org.testng.reporters.JUnitReportReporter -->
<testsuite skipped="0" hostname="DESKTOP-AOTV5IP" name="testng_programs.P13" tests="4" failures="0" timestamp="2023-02-15T19:04:47 IST" time="0.030" errors="0">
  <testcase name="script" time="0.000" classname="testng_programs.P13"/>
  <system-out/>
  <testcase name="script" time="0.010" classname="testng_programs.P13"/>
  <system-out/>
  <testcase name="script" time="0.010" classname="testng_programs.P13"/>
  <system-out/>
  <testcase name="script" time="0.010" classname="testng_programs.P13"/>
  <system-out/>
</testsuite> <!-- testng_programs.P13 -->
